<?xml version="1.0" encoding="UTF-8"?>
<testsuite xmlns:xsi="http://www.w3.org/2001/XMLSchema-instance" xsi:noNamespaceSchemaLocation="https://maven.apache.org/surefire/maven-surefire-plugin/xsd/surefire-test-report-3.0.xsd" version="3.0" name="TestSuite" time="6.512" tests="8" errors="0" skipped="0" failures="0">
  <properties>
[...]
</properties>
  <testcase name="getInvalidUser_ShouldReturn404" classname="api.UserApiTest" time="1.368">
    <system-out><![CDATA[Request method:	GET
Request URI:	https://jsonplaceholder.typicode.com/users/9999
Proxy:			<none>
Request params:	<none>
Query params:	<none>
Form params:	<none>
Path params:	<none>
Headers:		Accept=application/json
				Content-Type=application/json
Cookies:		<none>
Multiparts:		<none>
Body:			<none>
HTTP/1.1 404 Not Found
Date: Tue, 24 Mar 2026 09:50:14 GMT
Content-Type: application/json; charset=utf-8
Content-Length: 2
Connection: keep-alive
access-control-allow-credentials: true
Cache-Control: max-age=43200
etag: W/"2-vyGp6PvFo4RvsFtPoIWeCReyIC8"
expires: -1
nel: {"report_to":"heroku-nel","response_headers":["Via"],"max_age":3600,"success_fraction":0.01,"failure_fraction":0.1}
pragma: no-cache
report-to: {"group":"heroku-nel","endpoints":[{"url":"https://nel.heroku.com/reports?s=Gacj2su7pFdEAqVFb7QOcHjxZOp1mQbtisex3UeUpKQ%3D\u0026sid=e11707d5-02a7-43ef-b45e-2cf4d2036f7d\u0026ts=1774317944"}],"max_age":3600}
reporting-endpoints: heroku-nel="https://nel.heroku.com/reports?s=Gacj2su7pFdEAqVFb7QOcHjxZOp1mQbtisex3UeUpKQ%3D&sid=e11707d5-02a7-43ef-b45e-2cf4d2036f7d&ts=1774317944"
Server: cloudflare
vary: Origin, Accept-Encoding
via: 2.0 heroku-router
x-content-type-options: nosniff
x-powered-by: Express
x-ratelimit-limit: 1000
x-ratelimit-remaining: 986
x-ratelimit-reset: 1774317978
Age: 27869
cf-cache-status: HIT
CF-RAY: 9e14c53aeb4840b6-SIN
alt-svc: h3=":443"; ma=86400

{
    
}
]]></system-out>
    <system-err><![CDATA[SLF4J: Failed to load class "org.slf4j.impl.StaticLoggerBinder".
SLF4J: Defaulting to no-operation (NOP) logger implementation
SLF4J: See http://www.slf4j.org/codes.html#StaticLoggerBinder for further details.
]]></system-err>
  </testcase>
  <testcase name="getUserById_ShouldMatchExpectedName_AndSchema" classname="api.UserApiTest" time="1.28">
    <system-out><![CDATA[Request method:	GET
Request URI:	https://jsonplaceholder.typicode.com/users/1
Proxy:			<none>
Request params:	<none>
Query params:	<none>
Form params:	<none>
Path params:	<none>
Headers:		Accept=application/json
				Content-Type=application/json
Cookies:		<none>
Multiparts:		<none>
Body:			<none>
HTTP/1.1 200 OK
Date: Tue, 24 Mar 2026 09:50:14 GMT
Content-Type: application/json; charset=utf-8
Transfer-Encoding: chunked
Connection: keep-alive
access-control-allow-credentials: true
Cache-Control: max-age=43200
etag: W/"1fd-+2Y3G3w049iSZtw5t1mzSnunngE"
expires: -1
nel: {"report_to":"heroku-nel","response_headers":["Via"],"max_age":3600,"success_fraction":0.01,"failure_fraction":0.1}
pragma: no-cache
report-to: {"group":"heroku-nel","endpoints":[{"url":"https://nel.heroku.com/reports?s=rdw%2BR3f2W%2Bb%2BAd6O3boqRcXcG3utN8gMIk48dn3ghRQ%3D\u0026sid=e11707d5-02a7-43ef-b45e-2cf4d2036f7d\u0026ts=1773603138"}],"max_age":3600}
reporting-endpoints: heroku-nel="https://nel.heroku.com/reports?s=rdw%2BR3f2W%2Bb%2BAd6O3boqRcXcG3utN8gMIk48dn3ghRQ%3D&sid=e11707d5-02a7-43ef-b45e-2cf4d2036f7d&ts=1773603138"
Server: cloudflare
vary: Origin, Accept-Encoding
via: 2.0 heroku-router
x-content-type-options: nosniff
x-powered-by: Express
x-ratelimit-limit: 1000
x-ratelimit-remaining: 750
x-ratelimit-reset: 1773603168
Age: 25148
cf-cache-status: HIT
Content-Encoding: gzip
CF-RAY: 9e14c53d6f375e5e-SIN
alt-svc: h3=":443"; ma=86400

{
    "id": 1,
    "name": "Leanne Graham",
    "username": "Bret",
    "email": "Sincere@april.biz",
    "address": {
        "street": "Kulas Light",
        "suite": "Apt. 556",
        "city": "Gwenborough",
        "zipcode": "92998-3874",
        "geo": {
            "lat": "-37.3159",
            "lng": "81.1496"
        }
    },
    "phone": "1-770-736-8031 x56442",
    "website": "hildegard.org",
    "company": {
        "name": "Romaguera-Crona",
        "catchPhrase": "Multi-layered client-server neural-net",
        "bs": "harness real-time e-markets"
    }
}
]]></system-out>
  </testcase>
  <testcase name="getUsers_ShouldReturn10Users" classname="api.UserApiTest" time="0.188">
    <system-out><![CDATA[Request method:	GET
Request URI:	https://jsonplaceholder.typicode.com/users
Proxy:			<none>
Request params:	<none>
Query params:	<none>
Form params:	<none>
Path params:	<none>
Headers:		Accept=application/json
				Content-Type=application/json
Cookies:		<none>
Multiparts:		<none>
Body:			<none>
HTTP/1.1 200 OK
Date: Tue, 24 Mar 2026 09:50:15 GMT
Content-Type: application/json; charset=utf-8
Content-Length: 1847
Connection: keep-alive
access-control-allow-credentials: true
Cache-Control: max-age=43200
Content-Encoding: gzip
etag: W/"160d-1eMSsxeJRfnVLRBmYJSbCiJZ1qQ"
expires: -1
nel: {"report_to":"heroku-nel","response_headers":["Via"],"max_age":3600,"success_fraction":0.01,"failure_fraction":0.1}
pragma: no-cache
report-to: {"group":"heroku-nel","endpoints":[{"url":"https://nel.heroku.com/reports?s=mAv1G17s3g850q8NRxnf3Um09KsUW1fB0krQ045A%2FPY%3D\u0026sid=e11707d5-02a7-43ef-b45e-2cf4d2036f7d\u0026ts=1772520177"}],"max_age":3600}
reporting-endpoints: heroku-nel="https://nel.heroku.com/reports?s=mAv1G17s3g850q8NRxnf3Um09KsUW1fB0krQ045A%2FPY%3D&sid=e11707d5-02a7-43ef-b45e-2cf4d2036f7d&ts=1772520177"
Server: cloudflare
vary: Origin, Accept-Encoding
via: 2.0 heroku-router
x-content-type-options: nosniff
x-powered-by: Express
x-ratelimit-limit: 1000
x-ratelimit-remaining: 999
x-ratelimit-reset: 1772520231
Age: 12238
Accept-Ranges: bytes
cf-cache-status: HIT
CF-RAY: 9e14c5452bcdfcea-SIN
alt-svc: h3=":443"; ma=86400

[
    {
        "id": 1,
        "name": "Leanne Graham",
        "username": "Bret",
        "email": "Sincere@april.biz",
        "address": {
            "street": "Kulas Light",
            "suite": "Apt. 556",
            "city": "Gwenborough",
            "zipcode": "92998-3874",
            "geo": {
                "lat": "-37.3159",
                "lng": "81.1496"
            }
        },
        "phone": "1-770-736-8031 x56442",
        "website": "hildegard.org",
        "company": {
            "name": "Romaguera-Crona",
            "catchPhrase": "Multi-layered client-server neural-net",
            "bs": "harness real-time e-markets"
        }
    },
    {
        "id": 2,
        "name": "Ervin Howell",
        "username": "Antonette",
        "email": "Shanna@melissa.tv",
        "address": {
            "street": "Victor Plains",
            "suite": "Suite 879",
            "city": "Wisokyburgh",
            "zipcode": "90566-7771",
            "geo": {
                "lat": "-43.9509",
                "lng": "-34.4618"
            }
        },
        "phone": "010-692-6593 x09125",
        "website": "anastasia.net",
        "company": {
            "name": "Deckow-Crist",
            "catchPhrase": "Proactive didactic contingency",
            "bs": "synergize scalable supply-chains"
        }
    },
    {
        "id": 3,
        "name": "Clementine Bauch",
        "username": "Samantha",
        "email": "Nathan@yesenia.net",
        "address": {
            "street": "Douglas Extension",
            "suite": "Suite 847",
            "city": "McKenziehaven",
            "zipcode": "59590-4157",
            "geo": {
                "lat": "-68.6102",
                "lng": "-47.0653"
            }
        },
        "phone": "1-463-123-4447",
        "website": "ramiro.info",
        "company": {
            "name": "Romaguera-Jacobson",
            "catchPhrase": "Face to face bifurcated interface",
            "bs": "e-enable strategic applications"
        }
    },
    {
        "id": 4,
        "name": "Patricia Lebsack",
        "username": "Karianne",
        "email": "Julianne.OConner@kory.org",
        "address": {
            "street": "Hoeger Mall",
            "suite": "Apt. 692",
            "city": "South Elvis",
            "zipcode": "53919-4257",
            "geo": {
                "lat": "29.4572",
                "lng": "-164.2990"
            }
        },
        "phone": "493-170-9623 x156",
        "website": "kale.biz",
        "company": {
            "name": "Robel-Corkery",
            "catchPhrase": "Multi-tiered zero tolerance productivity",
            "bs": "transition cutting-edge web services"
        }
    },
    {
        "id": 5,
        "name": "Chelsey Dietrich",
        "username": "Kamren",
        "email": "Lucio_Hettinger@annie.ca",
        "address": {
            "street": "Skiles Walks",
            "suite": "Suite 351",
            "city": "Roscoeview",
            "zipcode": "33263",
            "geo": {
                "lat": "-31.8129",
                "lng": "62.5342"
            }
        },
        "phone": "(254)954-1289",
        "website": "demarco.info",
        "company": {
            "name": "Keebler LLC",
            "catchPhrase": "User-centric fault-tolerant solution",
            "bs": "revolutionize end-to-end systems"
        }
    },
    {
        "id": 6,
        "name": "Mrs. Dennis Schulist",
        "username": "Leopoldo_Corkery",
        "email": "Karley_Dach@jasper.info",
        "address": {
            "street": "Norberto Crossing",
            "suite": "Apt. 950",
            "city": "South Christy",
            "zipcode": "23505-1337",
            "geo": {
                "lat": "-71.4197",
                "lng": "71.7478"
            }
        },
        "phone": "1-477-935-8478 x6430",
        "website": "ola.org",
        "company": {
            "name": "Considine-Lockman",
            "catchPhrase": "Synchronised bottom-line interface",
            "bs": "e-enable innovative applications"
        }
    },
    {
        "id": 7,
        "name": "Kurtis Weissnat",
        "username": "Elwyn.Skiles",
        "email": "Telly.Hoeger@billy.biz",
        "address": {
            "street": "Rex Trail",
            "suite": "Suite 280",
            "city": "Howemouth",
            "zipcode": "58804-1099",
            "geo": {
                "lat": "24.8918",
                "lng": "21.8984"
            }
        },
        "phone": "210.067.6132",
        "website": "elvis.io",
        "company": {
            "name": "Johns Group",
            "catchPhrase": "Configurable multimedia task-force",
            "bs": "generate enterprise e-tailers"
        }
    },
    {
        "id": 8,
        "name": "Nicholas Runolfsdottir V",
        "username": "Maxime_Nienow",
        "email": "Sherwood@rosamond.me",
        "address": {
            "street": "Ellsworth Summit",
            "suite": "Suite 729",
            "city": "Aliyaview",
            "zipcode": "45169",
            "geo": {
                "lat": "-14.3990",
                "lng": "-120.7677"
            }
        },
        "phone": "586.493.6943 x140",
        "website": "jacynthe.com",
        "company": {
            "name": "Abernathy Group",
            "catchPhrase": "Implemented secondary concept",
            "bs": "e-enable extensible e-tailers"
        }
    },
    {
        "id": 9,
        "name": "Glenna Reichert",
        "username": "Delphine",
        "email": "Chaim_McDermott@dana.io",
        "address": {
            "street": "Dayna Park",
            "suite": "Suite 449",
            "city": "Bartholomebury",
            "zipcode": "76495-3109",
            "geo": {
                "lat": "24.6463",
                "lng": "-168.8889"
            }
        },
        "phone": "(775)976-6794 x41206",
        "website": "conrad.com",
        "company": {
            "name": "Yost and Sons",
            "catchPhrase": "Switchable contextually-based project",
            "bs": "aggregate real-time technologies"
        }
    },
    {
        "id": 10,
        "name": "Clementina DuBuque",
        "username": "Moriah.Stanton",
        "email": "Rey.Padberg@karina.biz",
        "address": {
            "street": "Kattie Turnpike",
            "suite": "Suite 198",
            "city": "Lebsackbury",
            "zipcode": "31428-2261",
            "geo": {
                "lat": "-38.2386",
                "lng": "57.2232"
            }
        },
        "phone": "024-648-3804",
        "website": "ambrose.net",
        "company": {
            "name": "Hoeger LLC",
            "catchPhrase": "Centralized empowering task-force",
            "bs": "target end-to-end models"
        }
    }
]
]]></system-out>
  </testcase>
  <testcase name="createPost_ShouldReturn201_AndValidPayload" classname="api.PostApiTest" time="0.44">
    <system-out><![CDATA[Request method:	POST
Request URI:	https://jsonplaceholder.typicode.com/posts
Proxy:			<none>
Request params:	<none>
Query params:	<none>
Form params:	<none>
Path params:	<none>
Headers:		Accept=application/json
				Content-Type=application/json
Cookies:		<none>
Multiparts:		<none>
Body:
{
    "userId": 1,
    "title": "Hello",
    "body": "API Test"
}
HTTP/1.1 201 Created
Date: Tue, 24 Mar 2026 09:50:16 GMT
Content-Type: application/json; charset=utf-8
Content-Length: 72
Connection: keep-alive
access-control-allow-credentials: true
access-control-expose-headers: Location
Cache-Control: no-cache
etag: W/"48-UulPeWTa99MeumojwqftN4vKbSs"
expires: -1
location: https://jsonplaceholder.typicode.com/posts/101
nel: {"report_to":"heroku-nel","response_headers":["Via"],"max_age":3600,"success_fraction":0.01,"failure_fraction":0.1}
pragma: no-cache
report-to: {"group":"heroku-nel","endpoints":[{"url":"https://nel.heroku.com/reports?s=ECDo%2FRG%2BCca9bvgg3G7JLSV87qnCyE6HP%2BpcJphHzL4%3D\u0026sid=e11707d5-02a7-43ef-b45e-2cf4d2036f7d\u0026ts=1774345816"}],"max_age":3600}
reporting-endpoints: heroku-nel="https://nel.heroku.com/reports?s=ECDo%2FRG%2BCca9bvgg3G7JLSV87qnCyE6HP%2BpcJphHzL4%3D&sid=e11707d5-02a7-43ef-b45e-2cf4d2036f7d&ts=1774345816"
Server: cloudflare
vary: Origin, X-HTTP-Method-Override, Accept-Encoding
via: 2.0 heroku-router
x-content-type-options: nosniff
x-powered-by: Express
x-ratelimit-limit: 1000
x-ratelimit-remaining: 999
x-ratelimit-reset: 1774345818
cf-cache-status: DYNAMIC
CF-RAY: 9e14c5467d21ff8a-SIN
alt-svc: h3=":443"; ma=86400

{
    "userId": 1,
    "title": "Hello",
    "body": "API Test",
    "id": 101
}
]]></system-out>
  </testcase>
  <testcase name="deletePost_ShouldReturn200" classname="api.PostApiTest" time="0.444">
    <system-out><![CDATA[Request method:	DELETE
Request URI:	https://jsonplaceholder.typicode.com/posts/1
Proxy:			<none>
Request params:	<none>
Query params:	<none>
Form params:	<none>
Path params:	<none>
Headers:		Accept=application/json
				Content-Type=application/json
Cookies:		<none>
Multiparts:		<none>
Body:			<none>
HTTP/1.1 200 OK
Date: Tue, 24 Mar 2026 09:50:16 GMT
Content-Type: application/json; charset=utf-8
Content-Length: 2
Connection: keep-alive
access-control-allow-credentials: true
Cache-Control: no-cache
etag: W/"2-vyGp6PvFo4RvsFtPoIWeCReyIC8"
expires: -1
nel: {"report_to":"heroku-nel","response_headers":["Via"],"max_age":3600,"success_fraction":0.01,"failure_fraction":0.1}
pragma: no-cache
report-to: {"group":"heroku-nel","endpoints":[{"url":"https://nel.heroku.com/reports?s=ECDo%2FRG%2BCca9bvgg3G7JLSV87qnCyE6HP%2BpcJphHzL4%3D\u0026sid=e11707d5-02a7-43ef-b45e-2cf4d2036f7d\u0026ts=1774345816"}],"max_age":3600}
reporting-endpoints: heroku-nel="https://nel.heroku.com/reports?s=ECDo%2FRG%2BCca9bvgg3G7JLSV87qnCyE6HP%2BpcJphHzL4%3D&sid=e11707d5-02a7-43ef-b45e-2cf4d2036f7d&ts=1774345816"
Server: cloudflare
vary: Origin, Accept-Encoding
via: 2.0 heroku-router
x-content-type-options: nosniff
x-powered-by: Express
x-ratelimit-limit: 1000
x-ratelimit-remaining: 998
x-ratelimit-reset: 1774345818
cf-cache-status: DYNAMIC
CF-RAY: 9e14c5494948c09d-SIN
alt-svc: h3=":443"; ma=86400

{
    
}
]]></system-out>
  </testcase>
  <testcase name="getPostById_ShouldReturnCorrectData_AndPassSchema" classname="api.PostApiTest" time="0.241">
    <system-out><![CDATA[Request method:	GET
Request URI:	https://jsonplaceholder.typicode.com/posts/1
Proxy:			<none>
Request params:	<none>
Query params:	<none>
Form params:	<none>
Path params:	<none>
Headers:		Accept=application/json
				Content-Type=application/json
Cookies:		<none>
Multiparts:		<none>
Body:			<none>
HTTP/1.1 200 OK
Date: Tue, 24 Mar 2026 09:50:16 GMT
Content-Type: application/json; charset=utf-8
Transfer-Encoding: chunked
Connection: keep-alive
access-control-allow-credentials: true
Cache-Control: max-age=43200
etag: W/"124-yiKdLzqO5gfBrJFrcdJ8Yq0LGnU"
expires: -1
nel: {"report_to":"heroku-nel","response_headers":["Via"],"max_age":3600,"success_fraction":0.01,"failure_fraction":0.1}
pragma: no-cache
report-to: {"group":"heroku-nel","endpoints":[{"url":"https://nel.heroku.com/reports?s=fYWdnEf0DmCzgr0VsN5e6AtGFTukaisQ17mn0sPpnh8%3D\u0026sid=e11707d5-02a7-43ef-b45e-2cf4d2036f7d\u0026ts=1769696362"}],"max_age":3600}
reporting-endpoints: heroku-nel="https://nel.heroku.com/reports?s=fYWdnEf0DmCzgr0VsN5e6AtGFTukaisQ17mn0sPpnh8%3D&sid=e11707d5-02a7-43ef-b45e-2cf4d2036f7d&ts=1769696362"
Server: cloudflare
vary: Origin, Accept-Encoding
via: 2.0 heroku-router
x-content-type-options: nosniff
x-powered-by: Express
x-ratelimit-limit: 1000
x-ratelimit-remaining: 999
x-ratelimit-reset: 1769696416
Age: 6552
cf-cache-status: HIT
Content-Encoding: gzip
CF-RAY: 9e14c54c2fa59f6b-SIN
alt-svc: h3=":443"; ma=86400

{
    "userId": 1,
    "id": 1,
    "title": "sunt aut facere repellat provident occaecati excepturi optio reprehenderit",
    "body": "quia et suscipit\nsuscipit recusandae consequuntur expedita et cum\nreprehenderit molestiae ut ut quas totam\nnostrum rerum est autem sunt rem eveniet architecto"
}
]]></system-out>
  </testcase>
  <testcase name="updatePost_ShouldReturn200_AndUpdatedTitle" classname="api.PostApiTest" time="0.894">
    <system-out><![CDATA[Request method:	PUT
Request URI:	https://jsonplaceholder.typicode.com/posts/1
Proxy:			<none>
Request params:	<none>
Query params:	<none>
Form params:	<none>
Path params:	<none>
Headers:		Accept=application/json
				Content-Type=application/json
Cookies:		<none>
Multiparts:		<none>
Body:
{
    "id": 1,
    "userId": 1,
    "title": "Updated",
    "body": "Updated body"
}
HTTP/1.1 200 OK
Date: Tue, 24 Mar 2026 09:50:17 GMT
Content-Type: application/json; charset=utf-8
Transfer-Encoding: chunked
Connection: keep-alive
access-control-allow-credentials: true
Cache-Control: no-cache
etag: W/"4c-cGqA9n+CbT9qspay3YKIsBLvuOE"
expires: -1
nel: {"report_to":"heroku-nel","response_headers":["Via"],"max_age":3600,"success_fraction":0.01,"failure_fraction":0.1}
pragma: no-cache
report-to: {"group":"heroku-nel","endpoints":[{"url":"https://nel.heroku.com/reports?s=N36M9gq11r5lzwpq7GIExTzUHighHn%2Fq%2FNl%2BpDxd%2Bm0%3D\u0026sid=e11707d5-02a7-43ef-b45e-2cf4d2036f7d\u0026ts=1774345817"}],"max_age":3600}
reporting-endpoints: heroku-nel="https://nel.heroku.com/reports?s=N36M9gq11r5lzwpq7GIExTzUHighHn%2Fq%2FNl%2BpDxd%2Bm0%3D&sid=e11707d5-02a7-43ef-b45e-2cf4d2036f7d&ts=1774345817"
Server: cloudflare
vary: Origin, Accept-Encoding
via: 2.0 heroku-router
x-content-type-options: nosniff
x-powered-by: Express
x-ratelimit-limit: 1000
x-ratelimit-remaining: 999
x-ratelimit-reset: 1774345878
cf-cache-status: DYNAMIC
Content-Encoding: gzip
CF-RAY: 9e14c54d7b415e40-SIN
alt-svc: h3=":443"; ma=86400

{
    "id": 1,
    "userId": 1,
    "title": "Updated",
    "body": "Updated body"
}
]]></system-out>
  </testcase>
  <testcase name="getCommentsByPostId_ShouldReturnFiveComments" classname="api.CommentApiTest" time="0.25">
    <system-out><![CDATA[Request method:	GET
Request URI:	https://jsonplaceholder.typicode.com/posts/1/comments
Proxy:			<none>
Request params:	<none>
Query params:	<none>
Form params:	<none>
Path params:	<none>
Headers:		Accept=application/json
				Content-Type=application/json
Cookies:		<none>
Multiparts:		<none>
Body:			<none>
HTTP/1.1 200 OK
Date: Tue, 24 Mar 2026 09:50:18 GMT
Content-Type: application/json; charset=utf-8
Content-Length: 657
Connection: keep-alive
access-control-allow-credentials: true
Cache-Control: max-age=43200
Content-Encoding: gzip
etag: W/"5e6-4bSPS5tq8F8ZDeFJULWh6upjp7U"
expires: -1
nel: {"report_to":"heroku-nel","response_headers":["Via"],"max_age":3600,"success_fraction":0.01,"failure_fraction":0.1}
pragma: no-cache
report-to: {"group":"heroku-nel","endpoints":[{"url":"https://nel.heroku.com/reports?s=vbRgS%2FcUahemP5wdHoDOUbMNhv%2BX1KYhoelfEpH24kk%3D\u0026sid=e11707d5-02a7-43ef-b45e-2cf4d2036f7d\u0026ts=1774306855"}],"max_age":3600}
reporting-endpoints: heroku-nel="https://nel.heroku.com/reports?s=vbRgS%2FcUahemP5wdHoDOUbMNhv%2BX1KYhoelfEpH24kk%3D&sid=e11707d5-02a7-43ef-b45e-2cf4d2036f7d&ts=1774306855"
Server: cloudflare
vary: Origin, Accept-Encoding
via: 2.0 heroku-router
x-content-type-options: nosniff
x-powered-by: Express
x-ratelimit-limit: 1000
x-ratelimit-remaining: 999
x-ratelimit-reset: 1774306878
Age: 10157
Accept-Ranges: bytes
cf-cache-status: HIT
CF-RAY: 9e14c5533e26ecd5-SIN
alt-svc: h3=":443"; ma=86400

[
    {
        "postId": 1,
        "id": 1,
        "name": "id labore ex et quam laborum",
        "email": "Eliseo@gardner.biz",
        "body": "laudantium enim quasi est quidem magnam voluptate ipsam eos\ntempora quo necessitatibus\ndolor quam autem quasi\nreiciendis et nam sapiente accusantium"
    },
    {
        "postId": 1,
        "id": 2,
        "name": "quo vero reiciendis velit similique earum",
        "email": "Jayne_Kuhic@sydney.com",
        "body": "est natus enim nihil est dolore omnis voluptatem numquam\net omnis occaecati quod ullam at\nvoluptatem error expedita pariatur\nnihil sint nostrum voluptatem reiciendis et"
    },
    {
        "postId": 1,
        "id": 3,
        "name": "odio adipisci rerum aut animi",
        "email": "Nikita@garfield.biz",
        "body": "quia molestiae reprehenderit quasi aspernatur\naut expedita occaecati aliquam eveniet laudantium\nomnis quibusdam delectus saepe quia accusamus maiores nam est\ncum et ducimus et vero voluptates excepturi deleniti ratione"
    },
    {
        "postId": 1,
        "id": 4,
        "name": "alias odio sit",
        "email": "Lew@alysha.tv",
        "body": "non et atque\noccaecati deserunt quas accusantium unde odit nobis qui voluptatem\nquia voluptas consequuntur itaque dolor\net qui rerum deleniti ut occaecati"
    },
    {
        "postId": 1,
        "id": 5,
        "name": "vero eaque aliquid doloribus et culpa",
        "email": "Hayden@althea.biz",
        "body": "harum non quasi et ratione\ntempore iure ex voluptates in ratione\nharum architecto fugit inventore cupiditate\nvoluptates magni quo et"
    }
]
]]></system-out>
  </testcase>
</testsuite>