<?xml version="1.0" encoding="UTF-8"?>
<!-- Generated by org.testng.reporters.JUnitXMLReporter -->
<testsuite ignored="0" hostname="Admin-PC" failures="0" tests="8" name="API Tests" time="5.767" errors="0" timestamp="2026-03-24T16:50:18 GMT+07:00">
  <testcase classname="api.UserApiTest" name="getInvalidUser_ShouldReturn404" time="1.291"/>
  <testcase classname="api.UserApiTest" name="getUserById_ShouldMatchExpectedName_AndSchema" time="1.277"/>
  <testcase classname="api.UserApiTest" name="getUsers_ShouldReturn10Users" time="0.186"/>
  <testcase classname="api.PostApiTest" name="createPost_ShouldReturn201_AndValidPayload" time="0.437"/>
  <testcase classname="api.PostApiTest" name="deletePost_ShouldReturn200" time="0.442"/>
  <testcase classname="api.PostApiTest" name="getPostById_ShouldReturnCorrectData_AndPassSchema" time="0.236"/>
  <testcase classname="api.PostApiTest" name="updatePost_ShouldReturn200_AndUpdatedTitle" time="0.89"/>
  <testcase classname="api.CommentApiTest" name="getCommentsByPostId_ShouldReturnFiveComments" time="0.247"/>
</testsuite> <!-- API Tests -->
