<?xml version="1.0" encoding="UTF-8"?>
<!-- Generated by org.testng.reporters.JUnitReportReporter -->
<testsuite hostname="Admin-PC" failures="0" tests="4" name="api.PostApiTest" time="2.005" errors="0" timestamp="2026-03-24T16:50:18 GMT+07:00" skipped="0">
  <testcase classname="api.PostApiTest" name="getPostById_ShouldReturnCorrectData_AndPassSchema" time="0.236"/>
  <testcase classname="api.PostApiTest" name="createPost_ShouldReturn201_AndValidPayload" time="0.437"/>
  <testcase classname="api.PostApiTest" name="updatePost_ShouldReturn200_AndUpdatedTitle" time="0.890"/>
  <testcase classname="api.PostApiTest" name="deletePost_ShouldReturn200" time="0.442"/>
</testsuite> <!-- api.PostApiTest -->
