<?xml version="1.0" encoding="UTF-8"?>
<!-- Generated by org.testng.reporters.JUnitReportReporter -->
<testsuite hostname="Admin-PC" failures="0" tests="3" name="api.UserApiTest" time="2.754" errors="0" timestamp="2026-03-24T16:50:18 GMT+07:00" skipped="0">
  <testcase classname="api.UserApiTest" name="getUserById_ShouldMatchExpectedName_AndSchema" time="1.277"/>
  <testcase classname="api.UserApiTest" name="getUsers_ShouldReturn10Users" time="0.186"/>
  <testcase classname="api.UserApiTest" name="getInvalidUser_ShouldReturn404" time="1.291"/>
</testsuite> <!-- api.UserApiTest -->
